<?xml version="1.0" encoding="UTF-8"?>
<!-- Generated by org.testng.reporters.JUnitXMLReporter -->
<testsuite hostname="NIKESH-LAPTOP" name="Default test" tests="3" failures="0" timestamp="10 Jun 2018 18:54:18 GMT" time="39.392" errors="0">
  <testcase name="flightreservation" time="5.51" classname="webpage.MercuryProject.LoginPage"/>
  <testcase name="selectflight" time="1.535" classname="webpage.MercuryProject.LoginPage"/>
  <testcase name="finalbooking" time="2.133" classname="webpage.MercuryProject.LoginPage"/>
</testsuite> <!-- Default test -->
